2013-12-04 11:47:19,925 INFO    - stream plot: Start plotting.
2013-12-04 11:47:19,987 INFO    - stream plot: Finished plot 1 at 2013-12-04 10:47:19.987338
2013-12-04 11:47:20,038 INFO    - stream plot: Finished plot 2 at 2013-12-04 10:47:20.037988
2013-12-04 11:47:20,091 INFO    - stream plot: Finished plot 3 at 2013-12-04 10:47:20.091145
2013-12-04 11:47:20,144 INFO    - stream plot: Finished plot 4 at 2013-12-04 10:47:20.144314
2013-12-04 11:47:38,786 INFO    - root    Read: /home/rachel/stationfiles/old/quaoar/env1/env1_2013-02-25.txt Format: CS (txt) 
2013-12-04 11:47:44,349 INFO    - stream plot: Start plotting.
2013-12-04 11:47:45,807 WARNING - stream plot: No data available for key x
2013-12-04 11:47:46,592 WARNING - stream plot: No data available for key y
2013-12-04 11:47:47,392 WARNING - stream plot: No data available for key z
2013-12-04 11:47:48,192 WARNING - stream plot: No data available for key f
2013-12-04 11:47:48,925 INFO    - stream plot: Finished plot 1 at 2013-12-04 10:47:48.925268
2013-12-04 11:47:49,654 INFO    - stream plot: Finished plot 2 at 2013-12-04 10:47:49.654775
2013-12-04 11:47:50,404 INFO    - stream plot: Finished plot 3 at 2013-12-04 10:47:50.404496
2013-12-04 11:48:10,589 INFO    - lib    format_lemi: Found Lemi 10Hz binary file /home/rachel/stationfiles/TSE/lemi/lemi_2013-08-14.bin
2013-12-04 11:48:10,590 INFO    - lib    readLEMIBIN2: Format is the current lemi format.
2013-12-04 11:48:10,590 INFO    - lib    readLEMIBIN2: Reading /home/rachel/stationfiles/TSE/lemi/lemi_2013-08-14.bin
2013-12-04 11:48:13,179 INFO    - stream plot: Start plotting.
2013-12-04 11:48:14,612 INFO    - stream plot: Finished plot 1 at 2013-12-04 10:48:14.612031
2013-12-04 11:48:15,353 INFO    - stream plot: Finished plot 2 at 2013-12-04 10:48:15.353577
2013-12-04 11:48:16,063 INFO    - stream plot: Finished plot 3 at 2013-12-04 10:48:16.063364
2013-12-04 11:48:16,840 WARNING - stream plot: No data available for key f
2013-12-04 11:48:17,554 INFO    - stream plot: Finished plot 4 at 2013-12-04 10:48:17.554742
2013-12-04 11:48:18,281 INFO    - stream plot: Finished plot 5 at 2013-12-04 10:48:18.281378
2013-12-04 11:48:19,087 WARNING - stream plot: No data available for key var1
